This is pdfTeX, Version 3.14159265-2.6-1.40.15 (TeX Live 2015/dev/Debian) (preloaded format=pdflatex 2015.9.27)  17 FEB 2016 20:06
entering extended mode
 restricted \write18 enabled.
 %&-line parsing enabled.
**PruebasCPPUNITdeCalendario.tex
(./PruebasCPPUNITdeCalendario.tex
LaTeX2e <2014/05/01>
Babel <3.9l> and hyphenation patterns for 4 languages loaded.
(/usr/share/texlive/texmf-dist/tex/latex/base/article.cls
Document Class: article 2014/09/29 v1.4h Standard LaTeX document class
(/usr/share/texlive/texmf-dist/tex/latex/base/size10.clo
File: size10.clo 2014/09/29 v1.4h Standard LaTeX file (size option)
)
\c@part=\count79
\c@section=\count80
\c@subsection=\count81
\c@subsubsection=\count82
\c@paragraph=\count83
\c@subparagraph=\count84
\c@figure=\count85
\c@table=\count86
\abovecaptionskip=\skip41
\belowcaptionskip=\skip42
\bibindent=\dimen102
)
(./PruebasCPPUNITdeCalendario.aux)
\openout1 = `PruebasCPPUNITdeCalendario.aux'.

LaTeX Font Info:    Checking defaults for OML/cmm/m/it on input line 2.
LaTeX Font Info:    ... okay on input line 2.
LaTeX Font Info:    Checking defaults for T1/cmr/m/n on input line 2.
LaTeX Font Info:    ... okay on input line 2.
LaTeX Font Info:    Checking defaults for OT1/cmr/m/n on input line 2.
LaTeX Font Info:    ... okay on input line 2.
LaTeX Font Info:    Checking defaults for OMS/cmsy/m/n on input line 2.
LaTeX Font Info:    ... okay on input line 2.
LaTeX Font Info:    Checking defaults for OMX/cmex/m/n on input line 2.
LaTeX Font Info:    ... okay on input line 2.
LaTeX Font Info:    Checking defaults for U/cmr/m/n on input line 2.
LaTeX Font Info:    ... okay on input line 2.
 [1

{/var/lib/texmf/fonts/map/pdftex/updmap/pdftex.map}]
LaTeX Font Info:    External font `cmex10' loaded for size
(Font)              <7> on input line 90.
LaTeX Font Info:    External font `cmex10' loaded for size
(Font)              <5> on input line 90.
 [2]
Overfull \hbox (11.99689pt too wide) in paragraph at lines 122--122
[]  \OT1/cmtt/m/n/10 //Agregar esta suite de prueba a la lista de pruebas a eje
cutarse.[] 
 []

[3]
Overfull \hbox (43.49661pt too wide) in paragraph at lines 166--166
[]  \OT1/cmtt/m/n/10 static CppUnit::Test *suite(); /*en este metodo se agregan
 las pruebas*/[] 
 []


Overfull \hbox (91.05977pt too wide) in paragraph at lines 167--172
\OT1/cmtt/m/n/10 prueba.cpp \OT1/cmr/m/n/10 se pone a prueba los m^^Setodos \OT
1/cmtt/m/n/10 index$[]$delmes(string)\OT1/cmr/m/n/10 , \OT1/cmtt/m/n/10 primera
$[]$fecha$[]$delmes(string)\OT1/cmr/m/n/10 ,
 []


Overfull \hbox (85.49625pt too wide) in paragraph at lines 294--294
[]  \OT1/cmtt/m/n/10 CppUnit::TestSuite *suiteOfTests=new CppUnit::TestSuite("P
rueba de Calendario");[] 
 []


Overfull \hbox (106.49606pt too wide) in paragraph at lines 294--294
[]    \OT1/cmtt/m/n/10 ("Test 1 - Crear Calendario 2016.", &TestCalendario::tes
tCreacionDeUnCalendario));[] 
 []

[4]
Overfull \hbox (38.24666pt too wide) in paragraph at lines 294--294
[]    \OT1/cmtt/m/n/10 ("Test 2 - Determinar si el metodo Calendario::index_del
mes(string) \[] 
 []


Overfull \hbox (106.49606pt too wide) in paragraph at lines 294--294
[]  \OT1/cmtt/m/n/10 suiteOfTests->addTest(new CppUnit::TestCaller<TestCalendar
io>("Test 3 - Determinar \[] 
 []


Overfull \hbox (43.49661pt too wide) in paragraph at lines 294--294
[]\OT1/cmtt/m/n/10 si el metodo Calendario::primera_fecha_delmes(string,int) fu
nciona bien.",[] 
 []


Overfull \hbox (106.49606pt too wide) in paragraph at lines 294--294
[]  \OT1/cmtt/m/n/10 suiteOfTests->addTest(new CppUnit::TestCaller<TestCalendar
io>("Test 4 - Determinar \[] 
 []


Overfull \hbox (69.74638pt too wide) in paragraph at lines 294--294
[]\OT1/cmtt/m/n/10 si el metodo Calendario::fill_SDIT(int i,int j,SetDIntType* 
r) funciona bien.",[] 
 []

[5]
Overfull \hbox (85.49625pt too wide) in paragraph at lines 294--294
[]\OT1/cmtt/m/n/10 string DIA[]={"Domingo","Lunes","Martes","Miercoles","Jueves
","Viernes","Sabado"};[] 
 []


Overfull \hbox (43.49661pt too wide) in paragraph at lines 294--294
[]  \OT1/cmtt/m/n/10 //Ahora probamos 7*12 combinaciones posibles de dias de la
 semana y mes.[] 
 []


Overfull \hbox (48.74657pt too wide) in paragraph at lines 294--294
[]  \OT1/cmtt/m/n/10 //P.ej. ("Domingo",0),("Domingo",1),...,("Lunes",0),("Lune
s",1),..., etc.[] 
 []


Overfull \hbox (1.49698pt too wide) in paragraph at lines 294--294
[]                           \OT1/cmtt/m/n/10 calPt->primera_fecha_delmes(DIA[i
],j));[] 
 []


Overfull \hbox (27.74675pt too wide) in paragraph at lines 294--294
[]      \OT1/cmtt/m/n/10 j1=primera_fecha_delmes(d,i);j2=calPt->primera_fecha_d
elmes(d,i);[] 
 []

[6]
Overfull \hbox (80.24629pt too wide) in paragraph at lines 403--403
[]  \OT1/cmtt/m/n/10 {"Jueves","Viernes","Sabado","Domingo","Lunes","Martes","M
iercoles"}, /*enero*/[] 
 []


Overfull \hbox (90.7462pt too wide) in paragraph at lines 403--403
[]  \OT1/cmtt/m/n/10 {"Domingo","Lunes","Martes","Miercoles","Jueves","Viernes"
,"Sabado"}, /*febrero*/[] 
 []


Overfull \hbox (80.24629pt too wide) in paragraph at lines 403--403
[]  \OT1/cmtt/m/n/10 {"Lunes","Martes","Miercoles","Jueves","Viernes","Sabado",
"Domingo"}, /*marzo*/[] 
 []


Overfull \hbox (80.24629pt too wide) in paragraph at lines 403--403
[]  \OT1/cmtt/m/n/10 {"Jueves","Viernes","Sabado","Domingo","Lunes","Martes","M
iercoles"}, /*abril*/[] 
 []


Overfull \hbox (74.99634pt too wide) in paragraph at lines 403--403
[]  \OT1/cmtt/m/n/10 {"Sabado","Domingo","Lunes","Martes","Miercoles","Jueves",
"Viernes"}, /*mayo*/[] 
 []


Overfull \hbox (80.24629pt too wide) in paragraph at lines 403--403
[]  \OT1/cmtt/m/n/10 {"Martes","Miercoles","Jueves","Viernes","Sabado","Domingo
","Lunes"}, /*junio*/[] 
 []


Overfull \hbox (80.24629pt too wide) in paragraph at lines 403--403
[]  \OT1/cmtt/m/n/10 {"Jueves","Viernes","Sabado","Domingo","Lunes","Martes","M
iercoles"}, /*julio*/[] 
 []


Overfull \hbox (85.49625pt too wide) in paragraph at lines 403--403
[]  \OT1/cmtt/m/n/10 {"Domingo","Lunes","Martes","Miercoles","Jueves","Viernes"
,"Sabado"}, /*agosto*/[] 
 []


Overfull \hbox (106.49606pt too wide) in paragraph at lines 403--403
[]  \OT1/cmtt/m/n/10 {"Miercoles","Jueves","Viernes","Sabado","Domingo","Lunes"
,"Martes"}, /*septiembre*/[] 
 []


Overfull \hbox (90.7462pt too wide) in paragraph at lines 403--403
[]  \OT1/cmtt/m/n/10 {"Viernes","Sabado","Domingo","Lunes","Martes","Miercoles"
,"Jueves"}, /*octubre*/[] 
 []


Overfull \hbox (101.24611pt too wide) in paragraph at lines 403--403
[]  \OT1/cmtt/m/n/10 {"Lunes","Martes","Miercoles","Jueves","Viernes","Sabado",
"Domingo"}, /*noviembre*/[] 
 []


Overfull \hbox (101.24611pt too wide) in paragraph at lines 403--403
[]  \OT1/cmtt/m/n/10 {"Miercoles","Jueves","Viernes","Sabado","Domingo","Lunes"
,"Martes"}  /*diciembre*/[] 
 []


Overfull \hbox (43.49661pt too wide) in paragraph at lines 403--403
[]\OT1/cmtt/m/n/10 /*Cantidades de dias de los meses del anio (valido para anio
s bisiestos)*/[] 
 []

[7]
Overfull \hbox (74.99634pt too wide) in paragraph at lines 403--403
[]\OT1/cmtt/m/n/10 string MES[]={"enero","febrero","marzo","abril","mayo","juni
o","julio","agosto",[] 
 []


Overfull \hbox (38.24666pt too wide) in paragraph at lines 403--403
[]\OT1/cmtt/m/n/10 void Calendario::print_SetDIntYFecha(string d,string m,SetDI
ntType* SDI){[] 
 []

[8]
Overfull \hbox (57.73528pt too wide) in paragraph at lines 409--412
[]\OT1/cmr/m/n/10 Declara la clase Test-Cal-en-dario, la cual hereda de la clas
e \OT1/cmtt/m/n/10 CppUnit::TestFixture\OT1/cmr/m/n/10 .
 []

LaTeX Font Info:    Try loading font information for OMS+cmr on input line 413.

(/usr/share/texlive/texmf-dist/tex/latex/base/omscmr.fd
File: omscmr.fd 2014/09/29 v2.5h Standard LaTeX font definitions
)
LaTeX Font Info:    Font shape `OMS/cmr/m/n' in size <10> not available
(Font)              Font shape `OMS/cmsy/m/n' tried instead on input line 413.

Overfull \hbox (10.74715pt too wide) in paragraph at lines 427--427
 []  \OT1/cmtt/m/n/10 suiteOfTests->addTest(new CppUnit::TestCaller<TestCalenda
rio>[] 
 []

[9] [10] (./PruebasCPPUNITdeCalendario.aux) ) 
Here is how much of TeX's memory you used:
 235 strings out of 494977
 2818 string characters out of 6180183
 52049 words of memory out of 5000000
 3536 multiletter control sequences out of 15000+600000
 5326 words of font info for 20 fonts, out of 8000000 for 9000
 36 hyphenation exceptions out of 8191
 23i,4n,19p,152b,303s stack positions out of 5000i,500n,10000p,200000b,80000s
</usr/share/texlive/texmf-dist/fon
ts/type1/public/amsfonts/cm/cmbx10.pfb></usr/share/texlive/texmf-dist/fonts/typ
e1/public/amsfonts/cm/cmbx12.pfb></usr/share/texlive/texmf-dist/fonts/type1/pub
lic/amsfonts/cm/cmr10.pfb></usr/share/texlive/texmf-dist/fonts/type1/public/ams
fonts/cm/cmsy10.pfb></usr/share/texlive/texmf-dist/fonts/type1/public/amsfonts/
cm/cmtt10.pfb>
Output written on PruebasCPPUNITdeCalendario.pdf (10 pages, 80965 bytes).
PDF statistics:
 57 PDF objects out of 1000 (max. 8388607)
 39 compressed objects within 1 object stream
 0 named destinations out of 1000 (max. 500000)
 1 words of extra memory for PDF output out of 10000 (max. 10000000)

